<?xml version="1.0" encoding="UTF-8"?>
<!-- Generated by org.testng.reporters.JUnitReportReporter -->
<testsuite hostname="DESKTOP-S7UIC97" failures="0" tests="1" name="com.ncl.ScenarioTwo" time="32.487" errors="0" timestamp="2020-06-10T03:37:05 EDT" skipped="0">
  <testcase classname="com.ncl.ScenarioTwo" name="destinationsTest" time="32.487"/>
  <system-out/>
</testsuite> <!-- com.ncl.ScenarioTwo -->
