<?xml version="1.0" encoding="UTF-8"?>
<!-- Generated by org.testng.reporters.JUnitReportReporter -->
<testsuite hostname="DESKTOP-S7UIC97" failures="0" tests="1" name="com.ncl.PracticeTest" time="26.252" errors="0" timestamp="2020-06-10T03:24:05 EDT" skipped="0">
  <testcase classname="com.ncl.PracticeTest" name="portDepartureTest" time="26.252"/>
  <system-out/>
</testsuite> <!-- com.ncl.PracticeTest -->
