<?xml version="1.0" encoding="UTF-8"?>
<!-- Generated by org.testng.reporters.JUnitReportReporter -->
<testsuite hostname="DESKTOP-S7UIC97" failures="0" tests="1" name="com.ncl.ScenarioOneTest" time="25.523" errors="0" timestamp="2020-06-10T03:29:42 EDT" skipped="0">
  <testcase classname="com.ncl.ScenarioOneTest" name="portDepartureTest" time="25.523"/>
  <system-out/>
</testsuite> <!-- com.ncl.ScenarioOneTest -->
